Analysis & Synthesis report for lab1_spart
Thu Sep 19 17:27:56 2019
Quartus Prime Version 18.1.0 Build 625 09/12/2018 SJ Lite Edition


---------------------
; Table of Contents ;
---------------------
  1. Legal Notice
  2. Analysis & Synthesis Summary
  3. Analysis & Synthesis Settings
  4. Parallel Compilation
  5. Analysis & Synthesis Source Files Read
  6. Analysis & Synthesis Resource Usage Summary
  7. Analysis & Synthesis Resource Utilization by Entity
  8. State Machine - |lab1_spart|driver:driver0|cpu:CPU0|received
  9. Registers Removed During Synthesis
 10. General Register Statistics
 11. Multiplexer Restructuring Statistics (Restructuring Performed)
 12. Parameter Settings for User Entity Instance: spart:spart0
 13. Post-Synthesis Netlist Statistics for Top Partition
 14. Elapsed Time Per Partition
 15. Analysis & Synthesis Messages
 16. Analysis & Synthesis Suppressed Messages



----------------
; Legal Notice ;
----------------
Copyright (C) 2018  Intel Corporation. All rights reserved.
Your use of Intel Corporation's design tools, logic functions 
and other software and tools, and its AMPP partner logic 
functions, and any output files from any of the foregoing 
(including device programming or simulation files), and any 
associated documentation or information are expressly subject 
to the terms and conditions of the Intel Program License 
Subscription Agreement, the Intel Quartus Prime License Agreement,
the Intel FPGA IP License Agreement, or other applicable license
agreement, including, without limitation, that your use is for
the sole purpose of programming logic devices manufactured by
Intel and sold by Intel or its authorized distributors.  Please
refer to the applicable agreement for further details.



+-------------------------------------------------------------------------------+
; Analysis & Synthesis Summary                                                  ;
+---------------------------------+---------------------------------------------+
; Analysis & Synthesis Status     ; Successful - Thu Sep 19 17:27:56 2019       ;
; Quartus Prime Version           ; 18.1.0 Build 625 09/12/2018 SJ Lite Edition ;
; Revision Name                   ; lab1_spart                                  ;
; Top-level Entity Name           ; lab1_spart                                  ;
; Family                          ; Cyclone V                                   ;
; Logic utilization (in ALMs)     ; N/A                                         ;
; Total registers                 ; 100                                         ;
; Total pins                      ; 106                                         ;
; Total virtual pins              ; 0                                           ;
; Total block memory bits         ; 0                                           ;
; Total DSP Blocks                ; 0                                           ;
; Total HSSI RX PCSs              ; 0                                           ;
; Total HSSI PMA RX Deserializers ; 0                                           ;
; Total HSSI TX PCSs              ; 0                                           ;
; Total HSSI PMA TX Serializers   ; 0                                           ;
; Total PLLs                      ; 0                                           ;
; Total DLLs                      ; 0                                           ;
+---------------------------------+---------------------------------------------+


+---------------------------------------------------------------------------------------------------------------------------+
; Analysis & Synthesis Settings                                                                                             ;
+---------------------------------------------------------------------------------+--------------------+--------------------+
; Option                                                                          ; Setting            ; Default Value      ;
+---------------------------------------------------------------------------------+--------------------+--------------------+
; Device                                                                          ; 5CSEMA5F31C6       ;                    ;
; Top-level entity name                                                           ; lab1_spart         ; lab1_spart         ;
; Family name                                                                     ; Cyclone V          ; Cyclone V          ;
; Use smart compilation                                                           ; Off                ; Off                ;
; Enable parallel Assembler and Timing Analyzer during compilation                ; On                 ; On                 ;
; Enable compact report table                                                     ; Off                ; Off                ;
; Restructure Multiplexers                                                        ; Auto               ; Auto               ;
; MLAB Add Timing Constraints For Mixed-Port Feed-Through Mode Setting Don't Care ; Off                ; Off                ;
; Create Debugging Nodes for IP Cores                                             ; Off                ; Off                ;
; Preserve fewer node names                                                       ; On                 ; On                 ;
; Intel FPGA IP Evaluation Mode                                                   ; Enable             ; Enable             ;
; Verilog Version                                                                 ; Verilog_2001       ; Verilog_2001       ;
; VHDL Version                                                                    ; VHDL_1993          ; VHDL_1993          ;
; State Machine Processing                                                        ; Auto               ; Auto               ;
; Safe State Machine                                                              ; Off                ; Off                ;
; Extract Verilog State Machines                                                  ; On                 ; On                 ;
; Extract VHDL State Machines                                                     ; On                 ; On                 ;
; Ignore Verilog initial constructs                                               ; Off                ; Off                ;
; Iteration limit for constant Verilog loops                                      ; 5000               ; 5000               ;
; Iteration limit for non-constant Verilog loops                                  ; 250                ; 250                ;
; Add Pass-Through Logic to Inferred RAMs                                         ; On                 ; On                 ;
; Infer RAMs from Raw Logic                                                       ; On                 ; On                 ;
; Parallel Synthesis                                                              ; On                 ; On                 ;
; DSP Block Balancing                                                             ; Auto               ; Auto               ;
; NOT Gate Push-Back                                                              ; On                 ; On                 ;
; Power-Up Don't Care                                                             ; On                 ; On                 ;
; Remove Redundant Logic Cells                                                    ; Off                ; Off                ;
; Remove Duplicate Registers                                                      ; On                 ; On                 ;
; Ignore CARRY Buffers                                                            ; Off                ; Off                ;
; Ignore CASCADE Buffers                                                          ; Off                ; Off                ;
; Ignore GLOBAL Buffers                                                           ; Off                ; Off                ;
; Ignore ROW GLOBAL Buffers                                                       ; Off                ; Off                ;
; Ignore LCELL Buffers                                                            ; Off                ; Off                ;
; Ignore SOFT Buffers                                                             ; On                 ; On                 ;
; Limit AHDL Integers to 32 Bits                                                  ; Off                ; Off                ;
; Optimization Technique                                                          ; Balanced           ; Balanced           ;
; Carry Chain Length                                                              ; 70                 ; 70                 ;
; Auto Carry Chains                                                               ; On                 ; On                 ;
; Auto Open-Drain Pins                                                            ; On                 ; On                 ;
; Perform WYSIWYG Primitive Resynthesis                                           ; Off                ; Off                ;
; Auto ROM Replacement                                                            ; On                 ; On                 ;
; Auto RAM Replacement                                                            ; On                 ; On                 ;
; Auto DSP Block Replacement                                                      ; On                 ; On                 ;
; Auto Shift Register Replacement                                                 ; Auto               ; Auto               ;
; Allow Shift Register Merging across Hierarchies                                 ; Auto               ; Auto               ;
; Auto Clock Enable Replacement                                                   ; On                 ; On                 ;
; Strict RAM Replacement                                                          ; Off                ; Off                ;
; Allow Synchronous Control Signals                                               ; On                 ; On                 ;
; Force Use of Synchronous Clear Signals                                          ; Off                ; Off                ;
; Auto Resource Sharing                                                           ; Off                ; Off                ;
; Allow Any RAM Size For Recognition                                              ; Off                ; Off                ;
; Allow Any ROM Size For Recognition                                              ; Off                ; Off                ;
; Allow Any Shift Register Size For Recognition                                   ; Off                ; Off                ;
; Use LogicLock Constraints during Resource Balancing                             ; On                 ; On                 ;
; Ignore translate_off and synthesis_off directives                               ; Off                ; Off                ;
; Timing-Driven Synthesis                                                         ; On                 ; On                 ;
; Report Parameter Settings                                                       ; On                 ; On                 ;
; Report Source Assignments                                                       ; On                 ; On                 ;
; Report Connectivity Checks                                                      ; On                 ; On                 ;
; Ignore Maximum Fan-Out Assignments                                              ; Off                ; Off                ;
; Synchronization Register Chain Length                                           ; 3                  ; 3                  ;
; Power Optimization During Synthesis                                             ; Normal compilation ; Normal compilation ;
; HDL message level                                                               ; Level2             ; Level2             ;
; Suppress Register Optimization Related Messages                                 ; Off                ; Off                ;
; Number of Removed Registers Reported in Synthesis Report                        ; 5000               ; 5000               ;
; Number of Swept Nodes Reported in Synthesis Report                              ; 5000               ; 5000               ;
; Number of Inverted Registers Reported in Synthesis Report                       ; 100                ; 100                ;
; Clock MUX Protection                                                            ; On                 ; On                 ;
; Auto Gated Clock Conversion                                                     ; Off                ; Off                ;
; Block Design Naming                                                             ; Auto               ; Auto               ;
; SDC constraint protection                                                       ; Off                ; Off                ;
; Synthesis Effort                                                                ; Auto               ; Auto               ;
; Shift Register Replacement - Allow Asynchronous Clear Signal                    ; On                 ; On                 ;
; Pre-Mapping Resynthesis Optimization                                            ; Off                ; Off                ;
; Analysis & Synthesis Message Level                                              ; Medium             ; Medium             ;
; Disable Register Merging Across Hierarchies                                     ; Auto               ; Auto               ;
; Resource Aware Inference For Block RAM                                          ; On                 ; On                 ;
; Automatic Parallel Synthesis                                                    ; On                 ; On                 ;
; Partial Reconfiguration Bitstream ID                                            ; Off                ; Off                ;
+---------------------------------------------------------------------------------+--------------------+--------------------+


+------------------------------------------+
; Parallel Compilation                     ;
+----------------------------+-------------+
; Processors                 ; Number      ;
+----------------------------+-------------+
; Number detected on machine ; 6           ;
; Maximum allowed            ; 6           ;
;                            ;             ;
; Average used               ; 1.00        ;
; Maximum used               ; 6           ;
;                            ;             ;
; Usage by Processor         ; % Time Used ;
;     Processor 1            ; 100.0%      ;
;     Processors 2-6         ;   0.0%      ;
+----------------------------+-------------+


+------------------------------------------------------------------------------------------------------------------------------------------------------------+
; Analysis & Synthesis Source Files Read                                                                                                                     ;
+----------------------------------+-----------------+------------------------------------+--------------------------------------------------------+---------+
; File Name with User-Entered Path ; Used in Netlist ; File Type                          ; File Name with Absolute Path                           ; Library ;
+----------------------------------+-----------------+------------------------------------+--------------------------------------------------------+---------+
; lab1_spart.v                     ; yes             ; Auto-Found Verilog HDL File        ; C:/Users/ECE_STUDENT/Downloads/lab1_spart/lab1_spart.v ;         ;
; spart.v                          ; yes             ; Auto-Found Verilog HDL File        ; C:/Users/ECE_STUDENT/Downloads/lab1_spart/spart.v      ;         ;
; shifter.v                        ; yes             ; Auto-Found Verilog HDL File        ; C:/Users/ECE_STUDENT/Downloads/lab1_spart/shifter.v    ;         ;
; shift_out.v                      ; yes             ; Auto-Found Verilog HDL File        ; C:/Users/ECE_STUDENT/Downloads/lab1_spart/shift_out.v  ;         ;
; brg.sv                           ; yes             ; Auto-Found SystemVerilog HDL File  ; C:/Users/ECE_STUDENT/Downloads/lab1_spart/brg.sv       ;         ;
; driver.v                         ; yes             ; Auto-Found Verilog HDL File        ; C:/Users/ECE_STUDENT/Downloads/lab1_spart/driver.v     ;         ;
; cpu.sv                           ; yes             ; Auto-Found SystemVerilog HDL File  ; C:/Users/ECE_STUDENT/Downloads/lab1_spart/cpu.sv       ;         ;
+----------------------------------+-----------------+------------------------------------+--------------------------------------------------------+---------+


+--------------------------------------------------------------+
; Analysis & Synthesis Resource Usage Summary                  ;
+---------------------------------------------+----------------+
; Resource                                    ; Usage          ;
+---------------------------------------------+----------------+
; Estimate of Logic utilization (ALMs needed) ; 88             ;
;                                             ;                ;
; Combinational ALUT usage for logic          ; 139            ;
;     -- 7 input functions                    ; 1              ;
;     -- 6 input functions                    ; 31             ;
;     -- 5 input functions                    ; 24             ;
;     -- 4 input functions                    ; 33             ;
;     -- <=3 input functions                  ; 50             ;
;                                             ;                ;
; Dedicated logic registers                   ; 100            ;
;                                             ;                ;
; I/O pins                                    ; 106            ;
;                                             ;                ;
; Total DSP Blocks                            ; 0              ;
;                                             ;                ;
; Maximum fan-out node                        ; CLOCK_50~input ;
; Maximum fan-out                             ; 100            ;
; Total fan-out                               ; 1063           ;
; Average fan-out                             ; 2.18           ;
+---------------------------------------------+----------------+


+--------------------------------------------------------------------------------------------------------------------------------------------------------------------------------------------------------------------+
; Analysis & Synthesis Resource Utilization by Entity                                                                                                                                                                ;
+------------------------------+---------------------+---------------------------+-------------------+------------+------+--------------+-----------------------------------------------+-------------+--------------+
; Compilation Hierarchy Node   ; Combinational ALUTs ; Dedicated Logic Registers ; Block Memory Bits ; DSP Blocks ; Pins ; Virtual Pins ; Full Hierarchy Name                           ; Entity Name ; Library Name ;
+------------------------------+---------------------+---------------------------+-------------------+------------+------+--------------+-----------------------------------------------+-------------+--------------+
; |lab1_spart                  ; 139 (14)            ; 100 (1)                   ; 0                 ; 0          ; 106  ; 0            ; |lab1_spart                                   ; lab1_spart  ; work         ;
;    |driver:driver0|          ; 21 (0)              ; 22 (0)                    ; 0                 ; 0          ; 0    ; 0            ; |lab1_spart|driver:driver0                    ; driver      ; work         ;
;       |cpu:CPU0|             ; 21 (21)             ; 22 (22)                   ; 0                 ; 0          ; 0    ; 0            ; |lab1_spart|driver:driver0|cpu:CPU0           ; cpu         ; work         ;
;    |spart:spart0|            ; 104 (5)             ; 77 (0)                    ; 0                 ; 0          ; 0    ; 0            ; |lab1_spart|spart:spart0                      ; spart       ; work         ;
;       |BRG:brg|              ; 49 (49)             ; 32 (32)                   ; 0                 ; 0          ; 0    ; 0            ; |lab1_spart|spart:spart0|BRG:brg              ; BRG         ; work         ;
;       |shift_out:tx_shifter| ; 20 (20)             ; 20 (20)                   ; 0                 ; 0          ; 0    ; 0            ; |lab1_spart|spart:spart0|shift_out:tx_shifter ; shift_out   ; work         ;
;       |shifter:rx_shifter|   ; 30 (30)             ; 25 (25)                   ; 0                 ; 0          ; 0    ; 0            ; |lab1_spart|spart:spart0|shifter:rx_shifter   ; shifter     ; work         ;
+------------------------------+---------------------+---------------------------+-------------------+------------+------+--------------+-----------------------------------------------+-------------+--------------+
Note: For table entries with two numbers listed, the numbers in parentheses indicate the number of resources of the given type used by the specific entity alone. The numbers listed outside of parentheses indicate the total resources of the given type used by the specific entity and all of its sub-entities in the hierarchy.


Encoding Type:  One-Hot
+--------------------------------------------------------------+
; State Machine - |lab1_spart|driver:driver0|cpu:CPU0|received ;
+-------------+-------------+-------------+--------------------+
; Name        ; received.00 ; received.10 ; received.01        ;
+-------------+-------------+-------------+--------------------+
; received.00 ; 0           ; 0           ; 0                  ;
; received.01 ; 1           ; 0           ; 1                  ;
; received.10 ; 1           ; 1           ; 0                  ;
+-------------+-------------+-------------+--------------------+


+-----------------------------------------------------------------------------------------+
; Registers Removed During Synthesis                                                      ;
+---------------------------------------+-------------------------------------------------+
; Register name                         ; Reason for Removal                              ;
+---------------------------------------+-------------------------------------------------+
; driver:driver0|cpu:CPU0|bbr_buf[0..5] ; Stuck at GND due to stuck port data_in          ;
; driver:driver0|cpu:CPU0|bbr_buf[14]   ; Merged with driver:driver0|cpu:CPU0|bbr_buf[11] ;
; driver:driver0|cpu:CPU0|received.00   ; Lost fanout                                     ;
; Total Number of Removed Registers = 8 ;                                                 ;
+---------------------------------------+-------------------------------------------------+


+------------------------------------------------------+
; General Register Statistics                          ;
+----------------------------------------------+-------+
; Statistic                                    ; Value ;
+----------------------------------------------+-------+
; Total registers                              ; 100   ;
; Number of registers using Synchronous Clear  ; 52    ;
; Number of registers using Synchronous Load   ; 11    ;
; Number of registers using Asynchronous Clear ; 0     ;
; Number of registers using Asynchronous Load  ; 0     ;
; Number of registers using Clock Enable       ; 83    ;
; Number of registers using Preset             ; 0     ;
+----------------------------------------------+-------+


+----------------------------------------------------------------------------------------------------------------------------------------------------------------------------+
; Multiplexer Restructuring Statistics (Restructuring Performed)                                                                                                             ;
+--------------------+-----------+---------------+----------------------+------------------------+------------+--------------------------------------------------------------+
; Multiplexer Inputs ; Bus Width ; Baseline Area ; Area if Restructured ; Saving if Restructured ; Registered ; Example Multiplexer Output                                   ;
+--------------------+-----------+---------------+----------------------+------------------------+------------+--------------------------------------------------------------+
; 3:1                ; 8 bits    ; 16 LEs        ; 0 LEs                ; 16 LEs                 ; Yes        ; |lab1_spart|driver:driver0|cpu:CPU0|buffer[1]                ;
; 3:1                ; 3 bits    ; 6 LEs         ; 6 LEs                ; 0 LEs                  ; Yes        ; |lab1_spart|driver:driver0|cpu:CPU0|bbr_buf[10]              ;
; 3:1                ; 8 bits    ; 16 LEs        ; 0 LEs                ; 16 LEs                 ; Yes        ; |lab1_spart|spart:spart0|shifter:rx_shifter|buffer[2]        ;
; 4:1                ; 6 bits    ; 12 LEs        ; 12 LEs               ; 0 LEs                  ; Yes        ; |lab1_spart|spart:spart0|shift_out:tx_shifter|bit_counter[0] ;
; 5:1                ; 4 bits    ; 12 LEs        ; 8 LEs                ; 4 LEs                  ; Yes        ; |lab1_spart|spart:spart0|shift_out:tx_shifter|counter[1]     ;
; 5:1                ; 8 bits    ; 24 LEs        ; 0 LEs                ; 24 LEs                 ; Yes        ; |lab1_spart|spart:spart0|shifter:rx_shifter|shifter_data[6]  ;
; 5:1                ; 8 bits    ; 24 LEs        ; 0 LEs                ; 24 LEs                 ; Yes        ; |lab1_spart|spart:spart0|shift_out:tx_shifter|buffer[2]      ;
; 7:1                ; 4 bits    ; 16 LEs        ; 8 LEs                ; 8 LEs                  ; Yes        ; |lab1_spart|spart:spart0|shifter:rx_shifter|bit_count[1]     ;
; 7:1                ; 16 bits   ; 64 LEs        ; 48 LEs               ; 16 LEs                 ; Yes        ; |lab1_spart|spart:spart0|BRG:brg|down_counter[9]             ;
; 10:1               ; 3 bits    ; 18 LEs        ; 12 LEs               ; 6 LEs                  ; Yes        ; |lab1_spart|spart:spart0|shifter:rx_shifter|count[3]         ;
; 3:1                ; 6 bits    ; 12 LEs        ; 12 LEs               ; 0 LEs                  ; No         ; |lab1_spart|driver:driver0|cpu:CPU0|databus[0]               ;
; 3:1                ; 2 bits    ; 4 LEs         ; 4 LEs                ; 0 LEs                  ; No         ; |lab1_spart|driver:driver0|cpu:CPU0|databus[7]               ;
; 3:1                ; 6 bits    ; 12 LEs        ; 12 LEs               ; 0 LEs                  ; No         ; |lab1_spart|databus[4]                                       ;
; 3:1                ; 2 bits    ; 4 LEs         ; 4 LEs                ; 0 LEs                  ; No         ; |lab1_spart|databus[1]                                       ;
; 6:1                ; 3 bits    ; 12 LEs        ; 9 LEs                ; 3 LEs                  ; No         ; |lab1_spart|driver:driver0|cpu:CPU0|received                 ;
+--------------------+-----------+---------------+----------------------+------------------------+------------+--------------------------------------------------------------+


+-----------------------------------------------------------+
; Parameter Settings for User Entity Instance: spart:spart0 ;
+----------------+-------+----------------------------------+
; Parameter Name ; Value ; Type                             ;
+----------------+-------+----------------------------------+
; IDLE           ; 00    ; Unsigned Binary                  ;
; ACTIVE         ; 01    ; Unsigned Binary                  ;
+----------------+-------+----------------------------------+
Note: In order to hide this table in the UI and the text report file, please set the "Show Parameter Settings in Synthesis Report" option in "Analysis and Synthesis Settings -> More Settings" to "Off".


+-----------------------------------------------------+
; Post-Synthesis Netlist Statistics for Top Partition ;
+-----------------------+-----------------------------+
; Type                  ; Count                       ;
+-----------------------+-----------------------------+
; arriav_ff             ; 100                         ;
;     ENA               ; 34                          ;
;     ENA SCLR          ; 41                          ;
;     ENA SCLR SLD      ; 8                           ;
;     SCLR              ; 3                           ;
;     SLD               ; 3                           ;
;     plain             ; 11                          ;
; arriav_io_obuf        ; 36                          ;
; arriav_lcell_comb     ; 147                         ;
;     arith             ; 16                          ;
;         1 data inputs ; 16                          ;
;     extend            ; 1                           ;
;         7 data inputs ; 1                           ;
;     normal            ; 130                         ;
;         0 data inputs ; 2                           ;
;         1 data inputs ; 10                          ;
;         2 data inputs ; 22                          ;
;         3 data inputs ; 8                           ;
;         4 data inputs ; 33                          ;
;         5 data inputs ; 24                          ;
;         6 data inputs ; 31                          ;
; boundary_port         ; 106                         ;
;                       ;                             ;
; Max LUT depth         ; 3.50                        ;
; Average LUT depth     ; 2.06                        ;
+-----------------------+-----------------------------+


+-------------------------------+
; Elapsed Time Per Partition    ;
+----------------+--------------+
; Partition Name ; Elapsed Time ;
+----------------+--------------+
; Top            ; 00:00:00     ;
+----------------+--------------+


+-------------------------------+
; Analysis & Synthesis Messages ;
+-------------------------------+
Info: *******************************************************************
Info: Running Quartus Prime Analysis & Synthesis
    Info: Version 18.1.0 Build 625 09/12/2018 SJ Lite Edition
    Info: Processing started: Thu Sep 19 17:27:47 2019
Info: Command: quartus_map --read_settings_files=on --write_settings_files=off lab1_spart -c lab1_spart
Warning (18236): Number of processors has not been specified which may cause overloading on shared machines.  Set the global assignment NUM_PARALLEL_PROCESSORS in your QSF to an appropriate value for best performance.
Info (20030): Parallel compilation is enabled and will use 6 of the 6 processors detected
Warning (12125): Using design file lab1_spart.v, which is not specified as a design file for the current project, but contains definitions for 1 design units and 1 entities in project
    Info (12023): Found entity 1: lab1_spart File: C:/Users/ECE_STUDENT/Downloads/lab1_spart/lab1_spart.v Line: 6
Info (12127): Elaborating entity "lab1_spart" for the top level hierarchy
Warning (12125): Using design file spart.v, which is not specified as a design file for the current project, but contains definitions for 1 design units and 1 entities in project
    Info (12023): Found entity 1: spart File: C:/Users/ECE_STUDENT/Downloads/lab1_spart/spart.v Line: 20
Warning (10236): Verilog HDL Implicit Net warning at spart.v(51): created implicit net for "div_hword" File: C:/Users/ECE_STUDENT/Downloads/lab1_spart/spart.v Line: 51
Info (12128): Elaborating entity "spart" for hierarchy "spart:spart0" File: C:/Users/ECE_STUDENT/Downloads/lab1_spart/lab1_spart.v Line: 81
Warning (12125): Using design file shifter.v, which is not specified as a design file for the current project, but contains definitions for 1 design units and 1 entities in project
    Info (12023): Found entity 1: shifter File: C:/Users/ECE_STUDENT/Downloads/lab1_spart/shifter.v Line: 1
Info (12128): Elaborating entity "shifter" for hierarchy "spart:spart0|shifter:rx_shifter" File: C:/Users/ECE_STUDENT/Downloads/lab1_spart/spart.v Line: 62
Warning (12125): Using design file shift_out.v, which is not specified as a design file for the current project, but contains definitions for 1 design units and 1 entities in project
    Info (12023): Found entity 1: shift_out File: C:/Users/ECE_STUDENT/Downloads/lab1_spart/shift_out.v Line: 1
Info (12128): Elaborating entity "shift_out" for hierarchy "spart:spart0|shift_out:tx_shifter" File: C:/Users/ECE_STUDENT/Downloads/lab1_spart/spart.v Line: 65
Warning (12125): Using design file brg.sv, which is not specified as a design file for the current project, but contains definitions for 1 design units and 1 entities in project
    Info (12023): Found entity 1: BRG File: C:/Users/ECE_STUDENT/Downloads/lab1_spart/brg.sv Line: 4
Info (12128): Elaborating entity "BRG" for hierarchy "spart:spart0|BRG:brg" File: C:/Users/ECE_STUDENT/Downloads/lab1_spart/spart.v Line: 68
Warning (10230): Verilog HDL assignment warning at brg.sv(60): truncated value with size 32 to match size of target (16) File: C:/Users/ECE_STUDENT/Downloads/lab1_spart/brg.sv Line: 60
Warning (12125): Using design file driver.v, which is not specified as a design file for the current project, but contains definitions for 1 design units and 1 entities in project
    Info (12023): Found entity 1: driver File: C:/Users/ECE_STUDENT/Downloads/lab1_spart/driver.v Line: 20
Info (12128): Elaborating entity "driver" for hierarchy "driver:driver0" File: C:/Users/ECE_STUDENT/Downloads/lab1_spart/lab1_spart.v Line: 93
Warning (12125): Using design file cpu.sv, which is not specified as a design file for the current project, but contains definitions for 1 design units and 1 entities in project
    Info (12023): Found entity 1: cpu File: C:/Users/ECE_STUDENT/Downloads/lab1_spart/cpu.sv Line: 10
Info (12128): Elaborating entity "cpu" for hierarchy "driver:driver0|cpu:CPU0" File: C:/Users/ECE_STUDENT/Downloads/lab1_spart/driver.v Line: 41
Warning (10230): Verilog HDL assignment warning at cpu.sv(67): truncated value with size 32 to match size of target (16) File: C:/Users/ECE_STUDENT/Downloads/lab1_spart/cpu.sv Line: 67
Warning (13046): Tri-state node(s) do not directly drive top-level pin(s)
    Warning (13048): Converted tri-state node "databus[7]" into a selector File: C:/Users/ECE_STUDENT/Downloads/lab1_spart/spart.v Line: 34
    Warning (13048): Converted tri-state node "databus[6]" into a selector File: C:/Users/ECE_STUDENT/Downloads/lab1_spart/spart.v Line: 34
    Warning (13048): Converted tri-state node "databus[5]" into a selector File: C:/Users/ECE_STUDENT/Downloads/lab1_spart/spart.v Line: 34
    Warning (13048): Converted tri-state node "databus[4]" into a selector File: C:/Users/ECE_STUDENT/Downloads/lab1_spart/spart.v Line: 34
    Warning (13048): Converted tri-state node "databus[3]" into a selector File: C:/Users/ECE_STUDENT/Downloads/lab1_spart/spart.v Line: 34
    Warning (13048): Converted tri-state node "databus[2]" into a selector File: C:/Users/ECE_STUDENT/Downloads/lab1_spart/spart.v Line: 34
    Warning (13048): Converted tri-state node "databus[1]" into a selector File: C:/Users/ECE_STUDENT/Downloads/lab1_spart/spart.v Line: 34
    Warning (13048): Converted tri-state node "databus[0]" into a selector File: C:/Users/ECE_STUDENT/Downloads/lab1_spart/spart.v Line: 34
Warning (13034): The following nodes have both tri-state and non-tri-state drivers
    Warning (13035): Inserted always-enabled tri-state buffer between "GPIO[3]" and its non-tri-state driver. File: C:/Users/ECE_STUDENT/Downloads/lab1_spart/lab1_spart.v Line: 33
Warning (13039): The following bidirectional pins have no drivers
    Warning (13040): bidirectional pin "GPIO[5]" has no driver File: C:/Users/ECE_STUDENT/Downloads/lab1_spart/lab1_spart.v Line: 33
    Warning (13040): bidirectional pin "GPIO[0]" has no driver File: C:/Users/ECE_STUDENT/Downloads/lab1_spart/lab1_spart.v Line: 33
    Warning (13040): bidirectional pin "GPIO[1]" has no driver File: C:/Users/ECE_STUDENT/Downloads/lab1_spart/lab1_spart.v Line: 33
    Warning (13040): bidirectional pin "GPIO[2]" has no driver File: C:/Users/ECE_STUDENT/Downloads/lab1_spart/lab1_spart.v Line: 33
    Warning (13040): bidirectional pin "GPIO[4]" has no driver File: C:/Users/ECE_STUDENT/Downloads/lab1_spart/lab1_spart.v Line: 33
    Warning (13040): bidirectional pin "GPIO[6]" has no driver File: C:/Users/ECE_STUDENT/Downloads/lab1_spart/lab1_spart.v Line: 33
    Warning (13040): bidirectional pin "GPIO[7]" has no driver File: C:/Users/ECE_STUDENT/Downloads/lab1_spart/lab1_spart.v Line: 33
    Warning (13040): bidirectional pin "GPIO[8]" has no driver File: C:/Users/ECE_STUDENT/Downloads/lab1_spart/lab1_spart.v Line: 33
    Warning (13040): bidirectional pin "GPIO[9]" has no driver File: C:/Users/ECE_STUDENT/Downloads/lab1_spart/lab1_spart.v Line: 33
    Warning (13040): bidirectional pin "GPIO[10]" has no driver File: C:/Users/ECE_STUDENT/Downloads/lab1_spart/lab1_spart.v Line: 33
    Warning (13040): bidirectional pin "GPIO[11]" has no driver File: C:/Users/ECE_STUDENT/Downloads/lab1_spart/lab1_spart.v Line: 33
    Warning (13040): bidirectional pin "GPIO[12]" has no driver File: C:/Users/ECE_STUDENT/Downloads/lab1_spart/lab1_spart.v Line: 33
    Warning (13040): bidirectional pin "GPIO[13]" has no driver File: C:/Users/ECE_STUDENT/Downloads/lab1_spart/lab1_spart.v Line: 33
    Warning (13040): bidirectional pin "GPIO[14]" has no driver File: C:/Users/ECE_STUDENT/Downloads/lab1_spart/lab1_spart.v Line: 33
    Warning (13040): bidirectional pin "GPIO[15]" has no driver File: C:/Users/ECE_STUDENT/Downloads/lab1_spart/lab1_spart.v Line: 33
    Warning (13040): bidirectional pin "GPIO[16]" has no driver File: C:/Users/ECE_STUDENT/Downloads/lab1_spart/lab1_spart.v Line: 33
    Warning (13040): bidirectional pin "GPIO[17]" has no driver File: C:/Users/ECE_STUDENT/Downloads/lab1_spart/lab1_spart.v Line: 33
    Warning (13040): bidirectional pin "GPIO[18]" has no driver File: C:/Users/ECE_STUDENT/Downloads/lab1_spart/lab1_spart.v Line: 33
    Warning (13040): bidirectional pin "GPIO[19]" has no driver File: C:/Users/ECE_STUDENT/Downloads/lab1_spart/lab1_spart.v Line: 33
    Warning (13040): bidirectional pin "GPIO[20]" has no driver File: C:/Users/ECE_STUDENT/Downloads/lab1_spart/lab1_spart.v Line: 33
    Warning (13040): bidirectional pin "GPIO[21]" has no driver File: C:/Users/ECE_STUDENT/Downloads/lab1_spart/lab1_spart.v Line: 33
    Warning (13040): bidirectional pin "GPIO[22]" has no driver File: C:/Users/ECE_STUDENT/Downloads/lab1_spart/lab1_spart.v Line: 33
    Warning (13040): bidirectional pin "GPIO[23]" has no driver File: C:/Users/ECE_STUDENT/Downloads/lab1_spart/lab1_spart.v Line: 33
    Warning (13040): bidirectional pin "GPIO[24]" has no driver File: C:/Users/ECE_STUDENT/Downloads/lab1_spart/lab1_spart.v Line: 33
    Warning (13040): bidirectional pin "GPIO[25]" has no driver File: C:/Users/ECE_STUDENT/Downloads/lab1_spart/lab1_spart.v Line: 33
    Warning (13040): bidirectional pin "GPIO[26]" has no driver File: C:/Users/ECE_STUDENT/Downloads/lab1_spart/lab1_spart.v Line: 33
    Warning (13040): bidirectional pin "GPIO[27]" has no driver File: C:/Users/ECE_STUDENT/Downloads/lab1_spart/lab1_spart.v Line: 33
    Warning (13040): bidirectional pin "GPIO[28]" has no driver File: C:/Users/ECE_STUDENT/Downloads/lab1_spart/lab1_spart.v Line: 33
    Warning (13040): bidirectional pin "GPIO[29]" has no driver File: C:/Users/ECE_STUDENT/Downloads/lab1_spart/lab1_spart.v Line: 33
    Warning (13040): bidirectional pin "GPIO[30]" has no driver File: C:/Users/ECE_STUDENT/Downloads/lab1_spart/lab1_spart.v Line: 33
    Warning (13040): bidirectional pin "GPIO[31]" has no driver File: C:/Users/ECE_STUDENT/Downloads/lab1_spart/lab1_spart.v Line: 33
    Warning (13040): bidirectional pin "GPIO[32]" has no driver File: C:/Users/ECE_STUDENT/Downloads/lab1_spart/lab1_spart.v Line: 33
    Warning (13040): bidirectional pin "GPIO[33]" has no driver File: C:/Users/ECE_STUDENT/Downloads/lab1_spart/lab1_spart.v Line: 33
    Warning (13040): bidirectional pin "GPIO[34]" has no driver File: C:/Users/ECE_STUDENT/Downloads/lab1_spart/lab1_spart.v Line: 33
    Warning (13040): bidirectional pin "GPIO[35]" has no driver File: C:/Users/ECE_STUDENT/Downloads/lab1_spart/lab1_spart.v Line: 33
Warning (13009): TRI or OPNDRN buffers permanently enabled
    Warning (13010): Node "GPIO[3]~synth" File: C:/Users/ECE_STUDENT/Downloads/lab1_spart/lab1_spart.v Line: 33
Warning (13024): Output pins are stuck at VCC or GND
    Warning (13410): Pin "HEX0[0]" is stuck at GND File: C:/Users/ECE_STUDENT/Downloads/lab1_spart/lab1_spart.v Line: 15
    Warning (13410): Pin "HEX0[1]" is stuck at GND File: C:/Users/ECE_STUDENT/Downloads/lab1_spart/lab1_spart.v Line: 15
    Warning (13410): Pin "HEX0[2]" is stuck at GND File: C:/Users/ECE_STUDENT/Downloads/lab1_spart/lab1_spart.v Line: 15
    Warning (13410): Pin "HEX0[3]" is stuck at GND File: C:/Users/ECE_STUDENT/Downloads/lab1_spart/lab1_spart.v Line: 15
    Warning (13410): Pin "HEX0[4]" is stuck at GND File: C:/Users/ECE_STUDENT/Downloads/lab1_spart/lab1_spart.v Line: 15
    Warning (13410): Pin "HEX0[5]" is stuck at GND File: C:/Users/ECE_STUDENT/Downloads/lab1_spart/lab1_spart.v Line: 15
    Warning (13410): Pin "HEX0[6]" is stuck at VCC File: C:/Users/ECE_STUDENT/Downloads/lab1_spart/lab1_spart.v Line: 15
    Warning (13410): Pin "HEX1[0]" is stuck at GND File: C:/Users/ECE_STUDENT/Downloads/lab1_spart/lab1_spart.v Line: 16
    Warning (13410): Pin "HEX1[1]" is stuck at GND File: C:/Users/ECE_STUDENT/Downloads/lab1_spart/lab1_spart.v Line: 16
    Warning (13410): Pin "HEX1[2]" is stuck at GND File: C:/Users/ECE_STUDENT/Downloads/lab1_spart/lab1_spart.v Line: 16
    Warning (13410): Pin "HEX1[3]" is stuck at GND File: C:/Users/ECE_STUDENT/Downloads/lab1_spart/lab1_spart.v Line: 16
    Warning (13410): Pin "HEX1[4]" is stuck at GND File: C:/Users/ECE_STUDENT/Downloads/lab1_spart/lab1_spart.v Line: 16
    Warning (13410): Pin "HEX1[5]" is stuck at GND File: C:/Users/ECE_STUDENT/Downloads/lab1_spart/lab1_spart.v Line: 16
    Warning (13410): Pin "HEX1[6]" is stuck at VCC File: C:/Users/ECE_STUDENT/Downloads/lab1_spart/lab1_spart.v Line: 16
    Warning (13410): Pin "HEX2[6]" is stuck at GND File: C:/Users/ECE_STUDENT/Downloads/lab1_spart/lab1_spart.v Line: 17
    Warning (13410): Pin "HEX3[1]" is stuck at GND File: C:/Users/ECE_STUDENT/Downloads/lab1_spart/lab1_spart.v Line: 18
    Warning (13410): Pin "HEX3[2]" is stuck at GND File: C:/Users/ECE_STUDENT/Downloads/lab1_spart/lab1_spart.v Line: 18
    Warning (13410): Pin "HEX3[5]" is stuck at GND File: C:/Users/ECE_STUDENT/Downloads/lab1_spart/lab1_spart.v Line: 18
    Warning (13410): Pin "HEX3[6]" is stuck at GND File: C:/Users/ECE_STUDENT/Downloads/lab1_spart/lab1_spart.v Line: 18
    Warning (13410): Pin "HEX4[4]" is stuck at VCC File: C:/Users/ECE_STUDENT/Downloads/lab1_spart/lab1_spart.v Line: 19
    Warning (13410): Pin "HEX4[5]" is stuck at VCC File: C:/Users/ECE_STUDENT/Downloads/lab1_spart/lab1_spart.v Line: 19
    Warning (13410): Pin "HEX5[0]" is stuck at VCC File: C:/Users/ECE_STUDENT/Downloads/lab1_spart/lab1_spart.v Line: 20
    Warning (13410): Pin "HEX5[1]" is stuck at VCC File: C:/Users/ECE_STUDENT/Downloads/lab1_spart/lab1_spart.v Line: 20
    Warning (13410): Pin "HEX5[2]" is stuck at VCC File: C:/Users/ECE_STUDENT/Downloads/lab1_spart/lab1_spart.v Line: 20
    Warning (13410): Pin "HEX5[3]" is stuck at VCC File: C:/Users/ECE_STUDENT/Downloads/lab1_spart/lab1_spart.v Line: 20
    Warning (13410): Pin "HEX5[4]" is stuck at VCC File: C:/Users/ECE_STUDENT/Downloads/lab1_spart/lab1_spart.v Line: 20
    Warning (13410): Pin "HEX5[5]" is stuck at VCC File: C:/Users/ECE_STUDENT/Downloads/lab1_spart/lab1_spart.v Line: 20
    Warning (13410): Pin "HEX5[6]" is stuck at VCC File: C:/Users/ECE_STUDENT/Downloads/lab1_spart/lab1_spart.v Line: 20
    Warning (13410): Pin "LEDR[1]" is stuck at GND File: C:/Users/ECE_STUDENT/Downloads/lab1_spart/lab1_spart.v Line: 26
    Warning (13410): Pin "LEDR[2]" is stuck at GND File: C:/Users/ECE_STUDENT/Downloads/lab1_spart/lab1_spart.v Line: 26
    Warning (13410): Pin "LEDR[3]" is stuck at GND File: C:/Users/ECE_STUDENT/Downloads/lab1_spart/lab1_spart.v Line: 26
    Warning (13410): Pin "LEDR[4]" is stuck at GND File: C:/Users/ECE_STUDENT/Downloads/lab1_spart/lab1_spart.v Line: 26
    Warning (13410): Pin "LEDR[5]" is stuck at GND File: C:/Users/ECE_STUDENT/Downloads/lab1_spart/lab1_spart.v Line: 26
    Warning (13410): Pin "LEDR[6]" is stuck at GND File: C:/Users/ECE_STUDENT/Downloads/lab1_spart/lab1_spart.v Line: 26
Info (286030): Timing-Driven Synthesis is running
Warning (14632): Output pin "LEDR[9]" driven by bidirectional pin "GPIO[5]" cannot be tri-stated File: C:/Users/ECE_STUDENT/Downloads/lab1_spart/lab1_spart.v Line: 26
Info (17049): 1 registers lost all their fanouts during netlist optimizations.
Info (144001): Generated suppressed messages file C:/Users/ECE_STUDENT/Downloads/lab1_spart/lab1_spart.map.smsg
Info (16010): Generating hard_block partition "hard_block:auto_generated_inst"
    Info (16011): Adding 0 node(s), including 0 DDIO, 0 PLL, 0 transceiver and 0 LCELL
Warning (21074): Design contains 14 input pin(s) that do not drive logic
    Warning (15610): No output dependent on input pin "CLOCK2_50" File: C:/Users/ECE_STUDENT/Downloads/lab1_spart/lab1_spart.v Line: 10
    Warning (15610): No output dependent on input pin "CLOCK3_50" File: C:/Users/ECE_STUDENT/Downloads/lab1_spart/lab1_spart.v Line: 11
    Warning (15610): No output dependent on input pin "CLOCK4_50" File: C:/Users/ECE_STUDENT/Downloads/lab1_spart/lab1_spart.v Line: 12
    Warning (15610): No output dependent on input pin "KEY[1]" File: C:/Users/ECE_STUDENT/Downloads/lab1_spart/lab1_spart.v Line: 23
    Warning (15610): No output dependent on input pin "KEY[2]" File: C:/Users/ECE_STUDENT/Downloads/lab1_spart/lab1_spart.v Line: 23
    Warning (15610): No output dependent on input pin "KEY[3]" File: C:/Users/ECE_STUDENT/Downloads/lab1_spart/lab1_spart.v Line: 23
    Warning (15610): No output dependent on input pin "SW[0]" File: C:/Users/ECE_STUDENT/Downloads/lab1_spart/lab1_spart.v Line: 29
    Warning (15610): No output dependent on input pin "SW[1]" File: C:/Users/ECE_STUDENT/Downloads/lab1_spart/lab1_spart.v Line: 29
    Warning (15610): No output dependent on input pin "SW[2]" File: C:/Users/ECE_STUDENT/Downloads/lab1_spart/lab1_spart.v Line: 29
    Warning (15610): No output dependent on input pin "SW[3]" File: C:/Users/ECE_STUDENT/Downloads/lab1_spart/lab1_spart.v Line: 29
    Warning (15610): No output dependent on input pin "SW[4]" File: C:/Users/ECE_STUDENT/Downloads/lab1_spart/lab1_spart.v Line: 29
    Warning (15610): No output dependent on input pin "SW[5]" File: C:/Users/ECE_STUDENT/Downloads/lab1_spart/lab1_spart.v Line: 29
    Warning (15610): No output dependent on input pin "SW[6]" File: C:/Users/ECE_STUDENT/Downloads/lab1_spart/lab1_spart.v Line: 29
    Warning (15610): No output dependent on input pin "SW[7]" File: C:/Users/ECE_STUDENT/Downloads/lab1_spart/lab1_spart.v Line: 29
Info (21057): Implemented 298 device resources after synthesis - the final resource count might be different
    Info (21058): Implemented 18 input pins
    Info (21059): Implemented 52 output pins
    Info (21060): Implemented 36 bidirectional pins
    Info (21061): Implemented 192 logic cells
Info: Quartus Prime Analysis & Synthesis was successful. 0 errors, 111 warnings
    Info: Peak virtual memory: 4869 megabytes
    Info: Processing ended: Thu Sep 19 17:27:56 2019
    Info: Elapsed time: 00:00:09
    Info: Total CPU time (on all processors): 00:00:17


+------------------------------------------+
; Analysis & Synthesis Suppressed Messages ;
+------------------------------------------+
The suppressed messages can be found in C:/Users/ECE_STUDENT/Downloads/lab1_spart/lab1_spart.map.smsg.


